{
  "stats": {
    "suites": 4,
    "tests": 6,
    "passes": 6,
    "pending": 0,
    "failures": 0,
    "testsRegistered": 6,
    "passPercent": 100,
    "pendingPercent": 0,
    "other": 0,
    "hasOther": false,
    "skipped": 0,
    "hasSkipped": false,
    "start": "2025-11-13T18:47:16.866Z",
    "end": "2025-11-14T13:36:55.193Z",
    "duration": 67778327
  },
  "results": [
    {
      "uuid": "f9392b23-4dcd-4580-82e3-ea2be210d074",
      "title": "",
      "fullFile": "cypress/e2e/quatro/userQuatro2.spec.js",
      "file": "cypress/e2e/quatro/userQuatro2.spec.js",
      "beforeHooks": [],
      "afterHooks": [],
      "tests": [],
      "suites": [
        {
          "uuid": "760b2314-d661-4553-9511-a36e1e0c5ff1",
          "title": "User registration",
          "fullFile": "",
          "file": "",
          "beforeHooks": [],
          "afterHooks": [],
          "tests": [
            {
              "title": "registers a new user successfully",
              "fullTitle": "User registration registers a new user successfully",
              "timedOut": null,
              "duration": 4419,
              "state": "passed",
              "speed": "fast",
              "pass": true,
              "fail": false,
              "pending": false,
              "context": null,
              "code": "const email = `abc+${Date.now()}@example.com`;\nconst password = '$)DLmsdQ(X)V1';\npage.openRegistration().fillRegistrationForm({\n  name: 'Ivan',\n  lastName: 'Hello',\n  email,\n  password\n}).submitRegistration();\npage.successMessage().should('be.visible');\ncy.url().should('include', '/panel/garage');",
              "err": {},
              "uuid": "cb2d4034-d987-4f9c-bb00-701720ef3aa6",
              "parentUUID": "760b2314-d661-4553-9511-a36e1e0c5ff1",
              "isHook": false,
              "skipped": false
            }
          ],
          "suites": [],
          "passes": [
            "cb2d4034-d987-4f9c-bb00-701720ef3aa6"
          ],
          "failures": [],
          "pending": [],
          "skipped": [],
          "duration": 4419,
          "root": false,
          "rootEmpty": false,
          "_timeout": 2000
        }
      ],
      "passes": [],
      "failures": [],
      "pending": [],
      "skipped": [],
      "duration": 0,
      "root": true,
      "rootEmpty": true,
      "_timeout": 2000
    },
    {
      "uuid": "888e559e-b537-41cf-89b8-e6e7bfaee760",
      "title": "",
      "fullFile": "cypress/e2e/quatro/addFuelExpenseButton.spec.js",
      "file": "cypress/e2e/quatro/addFuelExpenseButton.spec.js",
      "beforeHooks": [],
      "afterHooks": [],
      "tests": [],
      "suites": [
        {
          "uuid": "55ca869c-ae77-4a6e-bffb-ba47e8cfcc0d",
          "title": "User flow",
          "fullFile": "",
          "file": "",
          "beforeHooks": [],
          "afterHooks": [],
          "tests": [
            {
              "title": "registers a user, adds a car and fuel expense",
              "fullTitle": "User flow registers a user, adds a car and fuel expense",
              "timedOut": null,
              "duration": 6739,
              "state": "passed",
              "speed": "medium",
              "pass": true,
              "fail": false,
              "pending": false,
              "context": null,
              "code": "page.visit();\npage.openRegistration().fillRegistrationForm({\n  name: 'Elena',\n  lastName: 'Berdnik',\n  email,\n  password\n}).submitRegistration();\ncy.url().should('include', '/panel/garage');\npage.addCarButton().click();\npage.brandDropdown().select('Audi');\npage.modelDropdown().select('TT');\npage.mileageInput().type('5000');\npage.addButton().click();\npage.fuelExpensesLink().click();\npage.addExpenseButton().click();\npage.fillAddAnExpenseForm({\n  vehicle: 'Audi TT',\n  date: '14.11.2025',\n  mileage: '5000',\n  liters: '50',\n  totalCost: '300'\n});",
              "err": {},
              "uuid": "fc44b9f8-1b05-4c9e-bc45-5ac1e01fb723",
              "parentUUID": "55ca869c-ae77-4a6e-bffb-ba47e8cfcc0d",
              "isHook": false,
              "skipped": false
            }
          ],
          "suites": [],
          "passes": [
            "fc44b9f8-1b05-4c9e-bc45-5ac1e01fb723"
          ],
          "failures": [],
          "pending": [],
          "skipped": [],
          "duration": 6739,
          "root": false,
          "rootEmpty": false,
          "_timeout": 2000
        }
      ],
      "passes": [],
      "failures": [],
      "pending": [],
      "skipped": [],
      "duration": 0,
      "root": true,
      "rootEmpty": true,
      "_timeout": 2000
    },
    {
      "uuid": "88479662-f0c0-43f4-9bc0-ebf02afa3115",
      "title": "",
      "fullFile": "cypress/e2e/quatro/addCarQautro2.spec.js",
      "file": "cypress/e2e/quatro/addCarQautro2.spec.js",
      "beforeHooks": [],
      "afterHooks": [],
      "tests": [],
      "suites": [
        {
          "uuid": "f8db09c3-e081-4cf5-ae03-4e536ec461ae",
          "title": "User flow",
          "fullFile": "",
          "file": "",
          "beforeHooks": [],
          "afterHooks": [],
          "tests": [
            {
              "title": "registers a new user successfully",
              "fullTitle": "User flow registers a new user successfully",
              "timedOut": null,
              "duration": 4485,
              "state": "passed",
              "speed": "fast",
              "pass": true,
              "fail": false,
              "pending": false,
              "context": null,
              "code": "page.openRegistration().fillRegistrationForm({\n  name: 'Elena',\n  lastName: 'Berdnik',\n  email,\n  password\n}).submitRegistration();\npage.successMessage().should('be.visible');\ncy.url().should('include', '/panel/garage');",
              "err": {},
              "uuid": "d4a05287-4e4d-4c31-9456-56029f658dbc",
              "parentUUID": "f8db09c3-e081-4cf5-ae03-4e536ec461ae",
              "isHook": false,
              "skipped": false
            },
            {
              "title": "signs in an existing user",
              "fullTitle": "User flow signs in an existing user",
              "timedOut": null,
              "duration": 1753,
              "state": "passed",
              "speed": "fast",
              "pass": true,
              "fail": false,
              "pending": false,
              "context": null,
              "code": "page.openSignInModal().fillLoginForm({\n  email,\n  password\n});\ncy.url().should('include', '/panel/garage');",
              "err": {},
              "uuid": "e6e9c0b3-411f-4129-b1e4-4cad5784cb89",
              "parentUUID": "f8db09c3-e081-4cf5-ae03-4e536ec461ae",
              "isHook": false,
              "skipped": false
            },
            {
              "title": "adds a car after login",
              "fullTitle": "User flow adds a car after login",
              "timedOut": null,
              "duration": 2541,
              "state": "passed",
              "speed": "fast",
              "pass": true,
              "fail": false,
              "pending": false,
              "context": null,
              "code": "page.openSignInModal().fillLoginForm({\n  email,\n  password\n});\npage.addCarButton().click();\npage.brandDropdown().select('Audi');\npage.modelDropdown().select('TT');\npage.mileageInput().type('5000');\npage.addButton().should('exist').and('not.be.disabled').click();",
              "err": {},
              "uuid": "2ea3b235-b9ae-4925-9f72-b91baf32d526",
              "parentUUID": "f8db09c3-e081-4cf5-ae03-4e536ec461ae",
              "isHook": false,
              "skipped": false
            }
          ],
          "suites": [],
          "passes": [
            "d4a05287-4e4d-4c31-9456-56029f658dbc",
            "e6e9c0b3-411f-4129-b1e4-4cad5784cb89",
            "2ea3b235-b9ae-4925-9f72-b91baf32d526"
          ],
          "failures": [],
          "pending": [],
          "skipped": [],
          "duration": 8779,
          "root": false,
          "rootEmpty": false,
          "_timeout": 2000
        }
      ],
      "passes": [],
      "failures": [],
      "pending": [],
      "skipped": [],
      "duration": 0,
      "root": true,
      "rootEmpty": true,
      "_timeout": 2000
    },
    {
      "uuid": "4647787c-927a-4e21-84ac-c04102073cf6",
      "title": "",
      "fullFile": "cypress/e2e/quatro/userQuatro1.spec.js",
      "file": "cypress/e2e/quatro/userQuatro1.spec.js",
      "beforeHooks": [],
      "afterHooks": [],
      "tests": [],
      "suites": [
        {
          "uuid": "06be9d2d-db1e-457f-87d9-5738920f4487",
          "title": "User registration",
          "fullFile": "",
          "file": "",
          "beforeHooks": [],
          "afterHooks": [],
          "tests": [
            {
              "title": "registers a new user successfully",
              "fullTitle": "User registration registers a new user successfully",
              "timedOut": null,
              "duration": 4558,
              "state": "passed",
              "speed": "fast",
              "pass": true,
              "fail": false,
              "pending": false,
              "context": null,
              "code": "const email = `auto+${Date.now()}@example.com`;\nconst password = '$)DLmsdQ(X)V1';\npage.openRegistration().fillRegistrationForm({\n  name: 'Elena',\n  lastName: 'Berdnik',\n  email,\n  password\n}).submitRegistration();\npage.successMessage().should('be.visible');\ncy.url().should('include', '/panel/garage');",
              "err": {},
              "uuid": "b6438ef0-ff65-4264-92e9-70d5f1948d85",
              "parentUUID": "06be9d2d-db1e-457f-87d9-5738920f4487",
              "isHook": false,
              "skipped": false
            }
          ],
          "suites": [],
          "passes": [
            "b6438ef0-ff65-4264-92e9-70d5f1948d85"
          ],
          "failures": [],
          "pending": [],
          "skipped": [],
          "duration": 4558,
          "root": false,
          "rootEmpty": false,
          "_timeout": 2000
        }
      ],
      "passes": [],
      "failures": [],
      "pending": [],
      "skipped": [],
      "duration": 0,
      "root": true,
      "rootEmpty": true,
      "_timeout": 2000
    }
  ],
  "meta": {
    "mocha": {
      "version": "7.2.0"
    },
    "mochawesome": {
      "options": {
        "quiet": false,
        "reportFilename": "mochawesome",
        "saveHtml": false,
        "saveJson": true,
        "consoleReporter": "spec",
        "useInlineDiffs": false,
        "code": true
      },
      "version": "7.1.4"
    },
    "marge": {
      "options": {
        "reportDir": "cypress/results",
        "overwrite": false,
        "html": false,
        "json": true
      },
      "version": "6.3.2"
    }
  }
}